{
  "stats": {
    "suites": 2,
    "tests": 1,
    "passes": 1,
    "pending": 0,
    "failures": 0,
    "start": "2019-07-07T13:21:51.603Z",
    "end": "2019-07-07T13:21:51.609Z",
    "duration": 6,
    "testsRegistered": 1,
    "passPercent": 100,
    "pendingPercent": 0,
    "other": 0,
    "hasOther": false,
    "skipped": 0,
    "hasSkipped": false
  },
  "results": [
    {
      "uuid": "5cd8062c-928e-47c0-8c29-1d753b71a4cc",
      "title": "",
      "fullFile": "",
      "file": "",
      "beforeHooks": [],
      "afterHooks": [],
      "tests": [],
      "suites": [
        {
          "uuid": "a419387a-16c0-492f-9688-c3a61153a8dd",
          "title": "index test",
          "fullFile": "/Users/itheima/Downloads/Demo/demo2/test/index.spec.js",
          "file": "/test/index.spec.js",
          "beforeHooks": [],
          "afterHooks": [],
          "tests": [],
          "suites": [
            {
              "uuid": "998dc0f2-927b-4d7b-9ae8-c4a0513bfa22",
              "title": "sayHello function",
              "fullFile": "/Users/itheima/Downloads/Demo/demo2/test/index.spec.js",
              "file": "/test/index.spec.js",
              "beforeHooks": [],
              "afterHooks": [],
              "tests": [
                {
                  "title": "should say Hello world!!!",
                  "fullTitle": "index test sayHello function should say Hello world!!!",
                  "timedOut": false,
                  "duration": 1,
                  "state": "passed",
                  "speed": "fast",
                  "pass": true,
                  "fail": false,
                  "pending": false,
                  "context": null,
                  "code": "var str = (0, _index[\"default\"])();\n(0, _chai.expect)(str).to.equal('Hello world!!!');",
                  "err": {},
                  "uuid": "f3d3ada9-6e70-45d7-9d2f-c848101cc292",
                  "parentUUID": "998dc0f2-927b-4d7b-9ae8-c4a0513bfa22",
                  "isHook": false,
                  "skipped": false
                }
              ],
              "suites": [],
              "passes": [
                "f3d3ada9-6e70-45d7-9d2f-c848101cc292"
              ],
              "failures": [],
              "pending": [],
              "skipped": [],
              "duration": 1,
              "root": false,
              "rootEmpty": false,
              "_timeout": 2000
            }
          ],
          "passes": [],
          "failures": [],
          "pending": [],
          "skipped": [],
          "duration": 0,
          "root": false,
          "rootEmpty": false,
          "_timeout": 2000
        }
      ],
      "passes": [],
      "failures": [],
      "pending": [],
      "skipped": [],
      "duration": 0,
      "root": true,
      "rootEmpty": true,
      "_timeout": 2000
    }
  ],
  "meta": {
    "mocha": {
      "version": "6.1.4"
    },
    "mochawesome": {
      "options": {
        "quiet": false,
        "reportFilename": "mochawesome",
        "saveHtml": true,
        "saveJson": true,
        "useInlineDiffs": false
      },
      "version": "4.0.1"
    },
    "marge": {
      "options": null,
      "version": "4.0.1"
    }
  }
}